<?xml version="1.0" encoding="x-windows-949" standalone="no"?>
<!DOCTYPE log SYSTEM "logger.dtd">
<log>
<record>
  <date>2016-04-02T23:05:33</date>
  <millis>1459605933993</millis>
  <sequence>1</sequence>
  <logger>org.team16.team16week4.Bill</logger>
  <level>INFO</level>
  <class>org.team16.team16week4.Bill</class>
  <method>drawBill</method>
  <thread>1</thread>
  <message>TotalCost : 49.95 + (2*14.5) + 5.0 = 83.95
AdditionalCost :  + (2*14.5) + 5.0
OverExcessMinutesCost : null
</message>
</record>
<record>
  <date>2016-04-02T23:05:33</date>
  <millis>1459605933995</millis>
  <sequence>2</sequence>
  <logger>org.team16.team16week4.Bill</logger>
  <level>INFO</level>
  <class>org.team16.team16week4.Bill</class>
  <method>initBill</method>
  <thread>1</thread>
  <message>Plan : Gold
Total Usage Time : 1123
Using Lines : 1
</message>
</record>
<record>
  <date>2016-04-02T23:05:33</date>
  <millis>1459605933999</millis>
  <sequence>3</sequence>
  <logger>org.team16.team16week4.Bill</logger>
  <level>INFO</level>
  <class>org.team16.team16week4.Bill</class>
  <method>drawBill</method>
  <thread>1</thread>
  <message>TotalCost : 49.95 + (123*0.45) = 105.30
AdditionalCost : null
OverExcessMinutesCost :  + (123*0.45)
</message>
</record>
<record>
  <date>2016-04-02T23:05:34</date>
  <millis>1459605934000</millis>
  <sequence>4</sequence>
  <logger>org.team16.team16week4.Bill</logger>
  <level>INFO</level>
  <class>org.team16.team16week4.Bill</class>
  <method>initBill</method>
  <thread>1</thread>
  <message>Plan : Gold
Total Usage Time : 1123
Using Lines : 4
</message>
</record>
<record>
  <date>2016-04-02T23:05:34</date>
  <millis>1459605934002</millis>
  <sequence>5</sequence>
  <logger>org.team16.team16week4.Bill</logger>
  <level>INFO</level>
  <class>org.team16.team16week4.Bill</class>
  <method>drawBill</method>
  <thread>1</thread>
  <message>TotalCost : 49.95 + (123*0.45) + (2*14.5) + 5.0 = 139.30
AdditionalCost :  + (2*14.5) + 5.0
OverExcessMinutesCost :  + (123*0.45)
</message>
</record>
<record>
  <date>2016-04-02T23:05:34</date>
  <millis>1459605934004</millis>
  <sequence>6</sequence>
  <logger>org.team16.team16week4.Bill</logger>
  <level>INFO</level>
  <class>org.team16.team16week4.Bill</class>
  <method>initBill</method>
  <thread>1</thread>
  <message>Plan : Silver
Total Usage Time : 523
Using Lines : 2
</message>
</record>
<record>
  <date>2016-04-02T23:05:34</date>
  <millis>1459605934007</millis>
  <sequence>7</sequence>
  <logger>org.team16.team16week4.Bill</logger>
  <level>INFO</level>
  <class>org.team16.team16week4.Bill</class>
  <method>drawBill</method>
  <thread>1</thread>
  <message>TotalCost : 29.95 + (23*0.54) + 21.5 = 63.87
AdditionalCost :  + 21.5
OverExcessMinutesCost :  + (23*0.54)
</message>
</record>
<record>
  <date>2016-04-02T23:05:34</date>
  <millis>1459605934009</millis>
  <sequence>8</sequence>
  <logger>org.team16.team16week4.Bill</logger>
  <level>INFO</level>
  <class>org.team16.team16week4.Bill</class>
  <method>initBill</method>
  <thread>1</thread>
  <message>Plan : Silver
Total Usage Time : 44
Using Lines : 5
</message>
</record>
<record>
  <date>2016-04-02T23:05:34</date>
  <millis>1459605934012</millis>
  <sequence>9</sequence>
  <logger>org.team16.team16week4.Bill</logger>
  <level>INFO</level>
  <class>org.team16.team16week4.Bill</class>
  <method>drawBill</method>
  <thread>1</thread>
  <message>TotalCost : 29.95 + (2*21.5) + (2*5.0) = 82.95
AdditionalCost :  + (2*21.5) + (2*5.0)
OverExcessMinutesCost : null
</message>
</record>
<record>
  <date>2016-04-02T23:05:34</date>
  <millis>1459605934014</millis>
  <sequence>10</sequence>
  <logger>org.team16.team16week4.Bill</logger>
  <level>INFO</level>
  <class>org.team16.team16week4.Bill</class>
  <method>initBill</method>
  <thread>1</thread>
  <message>Plan : Silver
Total Usage Time : 521
Using Lines : 5
</message>
</record>
<record>
  <date>2016-04-02T23:05:34</date>
  <millis>1459605934017</millis>
  <sequence>11</sequence>
  <logger>org.team16.team16week4.Bill</logger>
  <level>INFO</level>
  <class>org.team16.team16week4.Bill</class>
  <method>drawBill</method>
  <thread>1</thread>
  <message>TotalCost : 29.95 + (21*0.54) + (2*21.5) + (2*5.0) = 94.29
AdditionalCost :  + (2*21.5) + (2*5.0)
OverExcessMinutesCost :  + (21*0.54)
</message>
</record>
</log>
